<?xml version="1.0" encoding="UTF-8"?>
<!-- Generated by org.testng.reporters.JUnitReportReporter -->
<testsuite hostname="DESKTOP-LQ8ET5D" failures="0" tests="1" name="Com.OrangeHRM.TestCases.TC_SignIn" time="72.729" errors="0" timestamp="2023-01-05T03:11:08 IST" skipped="0">
  <testcase classname="Com.OrangeHRM.TestCases.TC_SignIn" name="SignInTest" time="72.729"/>
  <system-out/>
</testsuite> <!-- Com.OrangeHRM.TestCases.TC_SignIn -->
